{
  "stats": {
    "suites": 1,
    "tests": 3,
    "passes": 3,
    "pending": 0,
    "failures": 0,
    "start": "2018-01-09T13:09:01.308Z",
    "end": "2018-01-09T13:09:12.433Z",
    "duration": 11125,
    "testsRegistered": 3,
    "passPercent": 100,
    "pendingPercent": 0,
    "other": 0,
    "hasOther": false,
    "skipped": 0,
    "hasSkipped": false,
    "passPercentClass": "success",
    "pendingPercentClass": "danger"
  },
  "suites": {
    "uuid": "a804bc6c-b349-4665-b25b-4297cbf72de4",
    "title": "",
    "fullFile": "",
    "file": "",
    "beforeHooks": [],
    "afterHooks": [],
    "tests": [],
    "suites": [
      {
        "uuid": "797979ae-94dc-4038-bb20-32de2d2241bb",
        "title": "library app scenarios",
        "fullFile": "C:\\Users\\cwondany\\Desktop\\Intro_Webdriver\\test\\library.test.js",
        "file": "\\test\\library.test.js",
        "beforeHooks": [
          {
            "title": "\"before each\" hook",
            "fullTitle": "library app scenarios \"before each\" hook",
            "timedOut": false,
            "duration": 1,
            "pass": false,
            "fail": false,
            "pending": false,
            "code": "driver = new webdriver.Builder().forBrowser('chrome').build();\ndriver.get('https://library-app.firebaseapp.com/');",
            "err": {},
            "isRoot": false,
            "uuid": "fe288375-5f05-4d51-9e7b-aa9fb3da093c",
            "isHook": true,
            "skipped": false
          }
        ],
        "afterHooks": [
          {
            "title": "\"after each\" hook",
            "fullTitle": "library app scenarios \"after each\" hook",
            "timedOut": false,
            "duration": 0,
            "pass": false,
            "fail": false,
            "pending": false,
            "code": "driver.quit();",
            "err": {},
            "isRoot": false,
            "uuid": "dc9b546d-e8f4-491d-a63a-4f79176a2ff5",
            "isHook": true,
            "skipped": false
          }
        ],
        "tests": [
          {
            "title": "Changes Button opacity upon email being filled out",
            "fullTitle": "library app scenarios Changes Button opacity upon email being filled out",
            "timedOut": false,
            "duration": 3924,
            "state": "passed",
            "speed": "slow",
            "pass": true,
            "fail": false,
            "pending": false,
            "code": "var submitBtn = driver.findElement(By.css('.btn-lg'));\ndriver.findElement(By.css('input')).sendKeys('us@fakemail.com');\nreturn submitBtn.getCssValue('opacity').then(function (result) {\n    assert(result === '1');\n});",
            "err": {},
            "isRoot": false,
            "uuid": "a5323838-f735-4d00-b0a5-b272efdca49e",
            "isHook": false,
            "skipped": false
          },
          {
            "title": "wait for mailadress @-sign,click btn and get success test:",
            "fullTitle": "library app scenarios wait for mailadress @-sign,click btn and get success test:",
            "timedOut": false,
            "duration": 4170,
            "state": "passed",
            "speed": "slow",
            "pass": true,
            "fail": false,
            "pending": false,
            "code": "var submitBtn = driver.findElement(By.css('.btn-lg'));\ndriver.findElement(By.css('input')).sendKeys('us@fakemail.com');\nsubmitBtn.click();\ndriver.wait(until.elementLocated(By.css('.alert-success')), 5000);\ndriver.findElements(By.css('.alert-success')).then(function(result) {\n    assert.equal(result.length, 1, \"alert-success were found\");\n});",
            "err": {},
            "isRoot": false,
            "uuid": "37da379f-efe9-449f-86e3-0f3eaf4da092",
            "isHook": false,
            "skipped": false
          },
          {
            "title": "shows nav bar:",
            "fullTitle": "library app scenarios shows nav bar:",
            "timedOut": false,
            "duration": 2998,
            "state": "passed",
            "speed": "slow",
            "pass": true,
            "fail": false,
            "pending": false,
            "code": "driver.findElements(By.css('nav')).then(function (result) {\n    assert.equal(result.length, 1, \"nav bars were found\");\n})",
            "err": {},
            "isRoot": false,
            "uuid": "edddc287-0780-4f44-97a8-7a8b8841744b",
            "isHook": false,
            "skipped": false
          }
        ],
        "suites": [],
        "passes": [
          "a5323838-f735-4d00-b0a5-b272efdca49e",
          "37da379f-efe9-449f-86e3-0f3eaf4da092",
          "edddc287-0780-4f44-97a8-7a8b8841744b"
        ],
        "failures": [],
        "pending": [],
        "skipped": [],
        "duration": 11092,
        "root": false,
        "rootEmpty": false,
        "_timeout": 50000
      }
    ],
    "passes": [],
    "failures": [],
    "pending": [],
    "skipped": [],
    "duration": 0,
    "root": true,
    "rootEmpty": true,
    "_timeout": 2000
  },
  "copyrightYear": 2018
}